<?xml version="1.0" encoding="UTF-8"?>
<testsuite xmlns:xsi="http://www.w3.org/2001/XMLSchema-instance" xsi:noNamespaceSchemaLocation="https://maven.apache.org/surefire/maven-surefire-plugin/xsd/surefire-test-report.xsd" name="br.com.liliane.javaMagazine.ResultadoMegasenaTest" time="6.19" tests="1" errors="0" skipped="0" failures="0">
  <properties>
    <property name="sun.desktop" value="gnome"/>
    <property name="awt.toolkit" value="sun.awt.X11.XToolkit"/>
    <property name="file.encoding.pkg" value="sun.io"/>
    <property name="java.specification.version" value="1.8"/>
    <property name="sun.cpu.isalist" value=""/>
    <property name="sun.jnu.encoding" value="UTF-8"/>
    <property name="java.class.path" value="/home/liliane_aquino/pocMarven/javaMagazine/target/test-classes:/home/liliane_aquino/pocMarven/javaMagazine/target/classes:/home/liliane_aquino/.m2/repository/junit/junit/4.11/junit-4.11.jar:/home/liliane_aquino/.m2/repository/org/hamcrest/hamcrest-core/1.3/hamcrest-core-1.3.jar:/home/liliane_aquino/.m2/repository/org/apache/httpcomponents/httpclient/4.1.3/httpclient-4.1.3.jar:/home/liliane_aquino/.m2/repository/org/apache/httpcomponents/httpcore/4.1.4/httpcore-4.1.4.jar:/home/liliane_aquino/.m2/repository/commons-logging/commons-logging/1.1.1/commons-logging-1.1.1.jar:/home/liliane_aquino/.m2/repository/commons-codec/commons-codec/1.4/commons-codec-1.4.jar:/home/liliane_aquino/.m2/repository/displaytag/displaytag/1.2/displaytag-1.2.jar:/home/liliane_aquino/.m2/repository/commons-collections/commons-collections/3.1/commons-collections-3.1.jar:/home/liliane_aquino/.m2/repository/commons-lang/commons-lang/2.3/commons-lang-2.3.jar:/home/liliane_aquino/.m2/repository/com/lowagie/itext/1.3/itext-1.3.jar:/home/liliane_aquino/.m2/repository/commons-beanutils/commons-beanutils/1.7.0/commons-beanutils-1.7.0.jar:/home/liliane_aquino/.m2/repository/org/slf4j/jcl104-over-slf4j/1.4.2/jcl104-over-slf4j-1.4.2.jar:/home/liliane_aquino/.m2/repository/org/slf4j/slf4j-log4j12/1.4.2/slf4j-log4j12-1.4.2.jar:/home/liliane_aquino/.m2/repository/org/slf4j/slf4j-api/1.4.2/slf4j-api-1.4.2.jar:/home/liliane_aquino/.m2/repository/log4j/log4j/1.2.13/log4j-1.2.13.jar:"/>
    <property name="java.vm.vendor" value="Oracle Corporation"/>
    <property name="sun.arch.data.model" value="64"/>
    <property name="java.vendor.url" value="http://java.oracle.com/"/>
    <property name="user.timezone" value=""/>
    <property name="java.vm.specification.version" value="1.8"/>
    <property name="os.name" value="Linux"/>
    <property name="user.country" value="US"/>
    <property name="sun.java.launcher" value="SUN_STANDARD"/>
    <property name="sun.boot.library.path" value="/usr/lib/jvm/java-8-oracle/jre/lib/amd64"/>
    <property name="sun.java.command" value="/home/liliane_aquino/pocMarven/javaMagazine/target/surefire/surefirebooter8692588862335073248.jar /home/liliane_aquino/pocMarven/javaMagazine/target/surefire 2018-05-23T16-05-09_844-jvmRun1 surefire615741616829511804tmp surefire_04235638257298345437tmp"/>
    <property name="surefire.test.class.path" value="/home/liliane_aquino/pocMarven/javaMagazine/target/test-classes:/home/liliane_aquino/pocMarven/javaMagazine/target/classes:/home/liliane_aquino/.m2/repository/junit/junit/4.11/junit-4.11.jar:/home/liliane_aquino/.m2/repository/org/hamcrest/hamcrest-core/1.3/hamcrest-core-1.3.jar:/home/liliane_aquino/.m2/repository/org/apache/httpcomponents/httpclient/4.1.3/httpclient-4.1.3.jar:/home/liliane_aquino/.m2/repository/org/apache/httpcomponents/httpcore/4.1.4/httpcore-4.1.4.jar:/home/liliane_aquino/.m2/repository/commons-logging/commons-logging/1.1.1/commons-logging-1.1.1.jar:/home/liliane_aquino/.m2/repository/commons-codec/commons-codec/1.4/commons-codec-1.4.jar:/home/liliane_aquino/.m2/repository/displaytag/displaytag/1.2/displaytag-1.2.jar:/home/liliane_aquino/.m2/repository/commons-collections/commons-collections/3.1/commons-collections-3.1.jar:/home/liliane_aquino/.m2/repository/commons-lang/commons-lang/2.3/commons-lang-2.3.jar:/home/liliane_aquino/.m2/repository/com/lowagie/itext/1.3/itext-1.3.jar:/home/liliane_aquino/.m2/repository/commons-beanutils/commons-beanutils/1.7.0/commons-beanutils-1.7.0.jar:/home/liliane_aquino/.m2/repository/org/slf4j/jcl104-over-slf4j/1.4.2/jcl104-over-slf4j-1.4.2.jar:/home/liliane_aquino/.m2/repository/org/slf4j/slf4j-log4j12/1.4.2/slf4j-log4j12-1.4.2.jar:/home/liliane_aquino/.m2/repository/org/slf4j/slf4j-api/1.4.2/slf4j-api-1.4.2.jar:/home/liliane_aquino/.m2/repository/log4j/log4j/1.2.13/log4j-1.2.13.jar:"/>
    <property name="sun.cpu.endian" value="little"/>
    <property name="user.home" value="/home/liliane_aquino"/>
    <property name="user.language" value="en"/>
    <property name="java.specification.vendor" value="Oracle Corporation"/>
    <property name="java.home" value="/usr/lib/jvm/java-8-oracle/jre"/>
    <property name="basedir" value="/home/liliane_aquino/pocMarven/javaMagazine"/>
    <property name="file.separator" value="/"/>
    <property name="line.separator" value="&#10;"/>
    <property name="java.vm.specification.vendor" value="Oracle Corporation"/>
    <property name="java.specification.name" value="Java Platform API Specification"/>
    <property name="java.awt.graphicsenv" value="sun.awt.X11GraphicsEnvironment"/>
    <property name="surefire.real.class.path" value="/home/liliane_aquino/pocMarven/javaMagazine/target/surefire/surefirebooter8692588862335073248.jar"/>
    <property name="sun.boot.class.path" value="/usr/lib/jvm/java-8-oracle/jre/lib/resources.jar:/usr/lib/jvm/java-8-oracle/jre/lib/rt.jar:/usr/lib/jvm/java-8-oracle/jre/lib/sunrsasign.jar:/usr/lib/jvm/java-8-oracle/jre/lib/jsse.jar:/usr/lib/jvm/java-8-oracle/jre/lib/jce.jar:/usr/lib/jvm/java-8-oracle/jre/lib/charsets.jar:/usr/lib/jvm/java-8-oracle/jre/lib/jfr.jar:/usr/lib/jvm/java-8-oracle/jre/classes"/>
    <property name="sun.management.compiler" value="HotSpot 64-Bit Tiered Compilers"/>
    <property name="java.runtime.version" value="1.8.0_171-b11"/>
    <property name="user.name" value="liliane_aquino"/>
    <property name="path.separator" value=":"/>
    <property name="os.version" value="4.13.0-41-generic"/>
    <property name="java.endorsed.dirs" value="/usr/lib/jvm/java-8-oracle/jre/lib/endorsed"/>
    <property name="java.runtime.name" value="Java(TM) SE Runtime Environment"/>
    <property name="file.encoding" value="UTF-8"/>
    <property name="java.vm.name" value="Java HotSpot(TM) 64-Bit Server VM"/>
    <property name="localRepository" value="/home/liliane_aquino/.m2/repository"/>
    <property name="java.vendor.url.bug" value="http://bugreport.sun.com/bugreport/"/>
    <property name="java.io.tmpdir" value="/tmp"/>
    <property name="java.version" value="1.8.0_171"/>
    <property name="user.dir" value="/home/liliane_aquino/pocMarven/javaMagazine"/>
    <property name="os.arch" value="amd64"/>
    <property name="java.vm.specification.name" value="Java Virtual Machine Specification"/>
    <property name="java.awt.printerjob" value="sun.print.PSPrinterJob"/>
    <property name="sun.os.patch.level" value="unknown"/>
    <property name="java.library.path" value="/usr/java/packages/lib/amd64:/usr/lib64:/lib64:/lib:/usr/lib"/>
    <property name="java.vm.info" value="mixed mode"/>
    <property name="java.vendor" value="Oracle Corporation"/>
    <property name="java.vm.version" value="25.171-b11"/>
    <property name="java.ext.dirs" value="/usr/lib/jvm/java-8-oracle/jre/lib/ext:/usr/java/packages/lib/ext"/>
    <property name="sun.io.unicode.encoding" value="UnicodeLittle"/>
    <property name="java.class.version" value="52.0"/>
  </properties>
  <testcase name="testObtemUltimoResultado" classname="br.com.liliane.javaMagazine.ResultadoMegasenaTest" time="6.19"/>
</testsuite>